

================================================================
== Vivado HLS Report for 'exp_generic_decimal16_s'
================================================================
* Date:           Mon Oct 12 02:42:59 2020

* Version:        2019.2 (Build 2704478 on Wed Nov 06 22:10:23 MST 2019)
* Project:        simple_perceptron
* Solution:       restype
* Product family: zynq
* Target device:  xc7z020-clg400-1


================================================================
== Performance Estimates
================================================================
+ Timing: 
    * Summary: 
    +--------+----------+----------+------------+
    |  Clock |  Target  | Estimated| Uncertainty|
    +--------+----------+----------+------------+
    |ap_clk  | 10.00 ns | 7.901 ns |   1.25 ns  |
    +--------+----------+----------+------------+

+ Latency: 
    * Summary: 
    +---------+---------+----------+----------+-----+-----+----------+
    |  Latency (cycles) |  Latency (absolute) |  Interval | Pipeline |
    |   min   |   max   |    min   |    max   | min | max |   Type   |
    +---------+---------+----------+----------+-----+-----+----------+
    |       10|       10| 0.100 us | 0.100 us |    1|    1| function |
    +---------+---------+----------+----------+-----+-----+----------+

    + Detail: 
        * Instance: 
        N/A

        * Loop: 
        N/A



================================================================
== Utilization Estimates
================================================================
* Summary: 
+-----------------+---------+-------+--------+-------+-----+
|       Name      | BRAM_18K| DSP48E|   FF   |  LUT  | URAM|
+-----------------+---------+-------+--------+-------+-----+
|DSP              |        -|      3|       -|      -|    -|
|Expression       |        -|      -|       0|    661|    -|
|FIFO             |        -|      -|       -|      -|    -|
|Instance         |        -|      -|       -|      -|    -|
|Memory           |        1|      -|       0|      0|    -|
|Multiplexer      |        -|      -|       -|      -|    -|
|Register         |        0|      -|     667|    256|    -|
+-----------------+---------+-------+--------+-------+-----+
|Total            |        1|      3|     667|    917|    0|
+-----------------+---------+-------+--------+-------+-----+
|Available        |      280|    220|  106400|  53200|    0|
+-----------------+---------+-------+--------+-------+-----+
|Utilization (%)  |    ~0   |      1|   ~0   |      1|    0|
+-----------------+---------+-------+--------+-------+-----+

+ Detail: 
    * Instance: 
    N/A

    * DSP48E: 
    +--------------------------------------------------+-----------------------------------------------+--------------+
    |                     Instance                     |                     Module                    |  Expression  |
    +--------------------------------------------------+-----------------------------------------------+--------------+
    |calcPerceptron_mac_muladd_10ns_10s_13s_19_4_1_U1  |calcPerceptron_mac_muladd_10ns_10s_13s_19_4_1  | i0 * i1 + i2 |
    |calcPerceptron_mac_muladd_4ns_5ns_19ns_19_4_1_U3  |calcPerceptron_mac_muladd_4ns_5ns_19ns_19_4_1  | i0 * i1 + i2 |
    |calcPerceptron_mul_mul_20ns_7s_26_4_1_U2          |calcPerceptron_mul_mul_20ns_7s_26_4_1          |    i0 * i1   |
    +--------------------------------------------------+-----------------------------------------------+--------------+

    * Memory: 
    +-----------------------------------------------------------------+----------------------------------------------------------------------------------+---------+---+----+-----+------+-----+------+-------------+
    |                              Memory                             |                                      Module                                      | BRAM_18K| FF| LUT| URAM| Words| Bits| Banks| W*Bits*Banks|
    +-----------------------------------------------------------------+----------------------------------------------------------------------------------+---------+---+----+-----+------+-----+------+-------------+
    |table_exp_Z1_ap_ufixed_14_1_ap_q_mode_5_ap_o_mode_3_0_array_V_U  |exp_generic_decimal16_s_table_exp_Z1_ap_ufixed_14_1_ap_q_mode_5_ap_o_mode_3_0bkb  |        1|  0|   0|    0|   512|   14|     1|         7168|
    +-----------------------------------------------------------------+----------------------------------------------------------------------------------+---------+---+----+-----+------+-----+------+-------------+
    |Total                                                            |                                                                                  |        1|  0|   0|    0|   512|   14|     1|         7168|
    +-----------------------------------------------------------------+----------------------------------------------------------------------------------+---------+---+----+-----+------+-----+------+-------------+

    * FIFO: 
    N/A

    * Expression: 
    +---------------------------+----------+-------+---+-----+------------+------------+
    |       Variable Name       | Operation| DSP48E| FF| LUT | Bitwidth P0| Bitwidth P1|
    +---------------------------+----------+-------+---+-----+------------+------------+
    |add_ln805_fu_425_p2        |     +    |      0|  0|   15|           1|           7|
    |m_exp_fu_209_p2            |     +    |      0|  0|   15|           5|           6|
    |out_exp_V_fu_659_p2        |     +    |      0|  0|   15|           4|           5|
    |r_exp_V_fu_575_p2          |     +    |      0|  0|   15|           2|           7|
    |ret_V_4_fu_520_p2          |     +    |      0|  0|   21|           3|          15|
    |e_frac_V_fu_223_p2         |     -    |      0|  0|   12|           1|          12|
    |ret_V_3_fu_475_p2          |     -    |      0|  0|   28|          21|          21|
    |sub_ln1311_fu_253_p2       |     -    |      0|  0|   15|           4|           5|
    |and_ln18_fu_199_p2         |    and   |      0|  0|    2|           1|           1|
    |and_ln209_fu_187_p2        |    and   |      0|  0|    2|           1|           1|
    |and_ln338_1_fu_735_p2      |    and   |      0|  0|    2|           1|           1|
    |and_ln338_fu_685_p2        |    and   |      0|  0|    2|           1|           1|
    |and_ln849_fu_695_p2        |    and   |      0|  0|    2|           1|           1|
    |ap_block_pp0_stage0_11001  |    and   |      0|  0|    2|           1|           1|
    |sel_tmp16_fu_763_p2        |    and   |      0|  0|    2|           1|           1|
    |sel_tmp5_fu_707_p2         |    and   |      0|  0|    2|           1|           1|
    |tmp_fu_757_p2              |    and   |      0|  0|    2|           1|           1|
    |x_is_pinf_fu_539_p2        |    and   |      0|  0|    2|           1|           1|
    |ashr_ln1287_1_fu_363_p2    |   ashr   |      0|  0|   35|          16|          16|
    |ashr_ln1287_fu_283_p2      |   ashr   |      0|  0|   33|          15|          15|
    |icmp_ln338_1_fu_383_p2     |   icmp   |      0|  0|   18|          19|          19|
    |icmp_ln338_fu_343_p2       |   icmp   |      0|  0|   11|           6|           1|
    |icmp_ln805_fu_419_p2       |   icmp   |      0|  0|   13|          12|           1|
    |icmp_ln833_1_fu_193_p2     |   icmp   |      0|  0|   13|          10|           1|
    |icmp_ln833_fu_175_p2       |   icmp   |      0|  0|   11|           5|           2|
    |icmp_ln837_fu_181_p2       |   icmp   |      0|  0|   13|          10|           1|
    |icmp_ln849_fu_597_p2       |   icmp   |      0|  0|    9|           3|           1|
    |icmp_ln853_fu_623_p2       |   icmp   |      0|  0|   11|           7|           5|
    |or_ln214_1_fu_556_p2       |    or    |      0|  0|    2|           1|           1|
    |or_ln214_fu_544_p2         |    or    |      0|  0|    2|           1|           1|
    |or_ln338_fu_603_p2         |    or    |      0|  0|    2|           1|           1|
    |or_ln849_1_fu_740_p2       |    or    |      0|  0|    2|           1|           1|
    |or_ln849_2_fu_751_p2       |    or    |      0|  0|    2|           1|           1|
    |or_ln849_fu_701_p2         |    or    |      0|  0|    2|           1|           1|
    |ap_return                  |  select  |      0|  0|   16|           1|           1|
    |m_exp_2_fu_263_p3          |  select  |      0|  0|    6|           1|           6|
    |r_V_6_fu_303_p3            |  select  |      0|  0|   19|           1|          19|
    |r_exp_V_2_fu_580_p3        |  select  |      0|  0|    7|           1|           7|
    |r_exp_V_3_fu_439_p3        |  select  |      0|  0|    7|           1|           7|
    |sel_tmp6_fu_713_p3         |  select  |      0|  0|   16|           1|          16|
    |select_ln1322_fu_368_p3    |  select  |      0|  0|   16|           1|          16|
    |select_ln214_1_fu_560_p3   |  select  |      0|  0|   16|           1|          16|
    |select_ln214_2_fu_721_p3   |  select  |      0|  0|   16|           1|          16|
    |select_ln214_fu_549_p3     |  select  |      0|  0|   15|           1|          15|
    |select_ln253_fu_229_p3     |  select  |      0|  0|   12|           1|          12|
    |select_ln339_fu_615_p3     |  select  |      0|  0|   15|           1|           1|
    |select_ln805_fu_431_p3     |  select  |      0|  0|    7|           1|           7|
    |tmp_V_2_fu_647_p3          |  select  |      0|  0|   10|           1|          10|
    |shl_ln1253_1_fu_358_p2     |    shl   |      0|  0|   35|          16|          16|
    |shl_ln1253_fu_293_p2       |    shl   |      0|  0|  101|          32|          32|
    |ap_enable_pp0              |    xor   |      0|  0|    2|           1|           2|
    |xor_ln214_fu_679_p2        |    xor   |      0|  0|    2|           1|           2|
    |xor_ln338_1_fu_729_p2      |    xor   |      0|  0|    2|           1|           2|
    |xor_ln338_fu_690_p2        |    xor   |      0|  0|    2|           1|           2|
    |xor_ln849_fu_745_p2        |    xor   |      0|  0|    2|           1|           2|
    |xor_ln936_fu_534_p2        |    xor   |      0|  0|    2|           1|           2|
    +---------------------------+----------+-------+---+-----+------------+------------+
    |Total                      |          |      0|  0|  661|         228|         365|
    +---------------------------+----------+-------+---+-----+------------+------------+

    * Multiplexer: 
    N/A

    * Register: 
    +-----------------------------------+----+----+-----+-----------+
    |                Name               | FF | LUT| Bits| Const Bits|
    +-----------------------------------+----+----+-----+-----------+
    |and_ln18_reg_818                   |   1|   0|    1|          0|
    |and_ln209_reg_811                  |   1|   0|    1|          0|
    |ap_CS_fsm                          |   1|   0|    1|          0|
    |ap_enable_reg_pp0_iter1            |   1|   0|    1|          0|
    |ap_enable_reg_pp0_iter10           |   1|   0|    1|          0|
    |ap_enable_reg_pp0_iter2            |   1|   0|    1|          0|
    |ap_enable_reg_pp0_iter3            |   1|   0|    1|          0|
    |ap_enable_reg_pp0_iter4            |   1|   0|    1|          0|
    |ap_enable_reg_pp0_iter5            |   1|   0|    1|          0|
    |ap_enable_reg_pp0_iter6            |   1|   0|    1|          0|
    |ap_enable_reg_pp0_iter7            |   1|   0|    1|          0|
    |ap_enable_reg_pp0_iter8            |   1|   0|    1|          0|
    |ap_enable_reg_pp0_iter9            |   1|   0|    1|          0|
    |exp_Z1_V_reg_909                   |  14|   0|   14|          0|
    |exp_Z1_V_reg_909_pp0_iter8_reg     |  14|   0|   14|          0|
    |icmp_ln338_1_reg_878               |   1|   0|    1|          0|
    |icmp_ln338_reg_870                 |   1|   0|    1|          0|
    |isNeg_reg_834                      |   1|   0|    1|          0|
    |m_diff_lo_V_reg_899                |   4|   0|    4|          0|
    |m_exp_2_reg_839                    |   6|   0|    6|          0|
    |m_fix_l_V_reg_854                  |  16|   0|   16|          0|
    |m_frac_l_V_reg_829                 |  12|   0|   15|          3|
    |p_Result_12_reg_806                |   1|   0|    1|          0|
    |p_Result_13_reg_860                |   1|   0|    1|          0|
    |p_Result_13_reg_860_pp0_iter1_reg  |   1|   0|    1|          0|
    |r_V_6_reg_849                      |  19|   0|   19|          0|
    |r_exp_V_3_reg_888                  |   7|   0|    7|          0|
    |select_ln253_reg_824               |  12|   0|   12|          0|
    |sext_ln1311_2_reg_844              |  32|   0|   32|          0|
    |and_ln18_reg_818                   |  64|  32|    1|          0|
    |and_ln209_reg_811                  |  64|  32|    1|          0|
    |icmp_ln338_1_reg_878               |  64|  32|    1|          0|
    |icmp_ln338_reg_870                 |  64|  32|    1|          0|
    |p_Result_12_reg_806                |  64|  32|    1|          0|
    |r_V_6_reg_849                      |  64|  32|   19|          0|
    |r_exp_V_3_reg_888                  |  64|  32|    7|          0|
    |select_ln253_reg_824               |  64|  32|   12|          0|
    +-----------------------------------+----+----+-----+-----------+
    |Total                              | 667| 256|  201|          3|
    +-----------------------------------+----+----+-----+-----------+



================================================================
== Interface
================================================================
* Summary: 
+-----------+-----+-----+------------+------------------------+--------------+
| RTL Ports | Dir | Bits|  Protocol  |      Source Object     |    C Type    |
+-----------+-----+-----+------------+------------------------+--------------+
|ap_clk     |  in |    1| ap_ctrl_hs | exp_generic<decimal16> | return value |
|ap_rst     |  in |    1| ap_ctrl_hs | exp_generic<decimal16> | return value |
|ap_start   |  in |    1| ap_ctrl_hs | exp_generic<decimal16> | return value |
|ap_done    | out |    1| ap_ctrl_hs | exp_generic<decimal16> | return value |
|ap_idle    | out |    1| ap_ctrl_hs | exp_generic<decimal16> | return value |
|ap_ready   | out |    1| ap_ctrl_hs | exp_generic<decimal16> | return value |
|ap_return  | out |   16| ap_ctrl_hs | exp_generic<decimal16> | return value |
|x          |  in |   16|   ap_none  |            x           |    scalar    |
+-----------+-----+-----+------------+------------------------+--------------+

