Copyright 1986-2019 Xilinx, Inc. All Rights Reserved.
----------------------------------------------------------------------------------------------------------------------------------------------------------------------
| Tool Version     : Vivado v.2019.2 (lin64) Build 2708876 Wed Nov  6 21:39:14 MST 2019
| Date             : Mon Oct  5 13:16:23 2020
| Host             : legion running 64-bit Ubuntu 18.04.5 LTS
| Command          : report_power -file design_1_wrapper_power_routed.rpt -pb design_1_wrapper_power_summary_routed.pb -rpx design_1_wrapper_power_routed.rpx
| Design           : design_1_wrapper
| Device           : xc7z020clg400-1
| Design State     : routed
| Grade            : commercial
| Process          : typical
| Characterization : Production
----------------------------------------------------------------------------------------------------------------------------------------------------------------------

Power Report

Table of Contents
-----------------
1. Summary
1.1 On-Chip Components
1.2 Power Supply Summary
1.3 Confidence Level
2. Settings
2.1 Environment
2.2 Clock Constraints
3. Detailed Reports
3.1 By Hierarchy

1. Summary
----------

+--------------------------+--------------+
| Total On-Chip Power (W)  | 2.029        |
| Design Power Budget (W)  | Unspecified* |
| Power Budget Margin (W)  | NA           |
| Dynamic (W)              | 1.866        |
| Device Static (W)        | 0.162        |
| Effective TJA (C/W)      | 11.5         |
| Max Ambient (C)          | 61.6         |
| Junction Temperature (C) | 48.4         |
| Confidence Level         | Medium       |
| Setting File             | ---          |
| Simulation Activity File | ---          |
| Design Nets Matched      | NA           |
+--------------------------+--------------+
* Specify Design Power Budget using, set_operating_conditions -design_power_budget <value in Watts>


1.1 On-Chip Components
----------------------

+--------------------------+-----------+----------+-----------+-----------------+
| On-Chip                  | Power (W) | Used     | Available | Utilization (%) |
+--------------------------+-----------+----------+-----------+-----------------+
| Clocks                   |     0.058 |        4 |       --- |             --- |
| Slice Logic              |     0.050 |    24620 |       --- |             --- |
|   LUT as Logic           |     0.043 |     9356 |     53200 |           17.59 |
|   CARRY4                 |     0.003 |      469 |     13300 |            3.53 |
|   Register               |     0.002 |     9858 |    106400 |            9.27 |
|   LUT as Distributed RAM |     0.001 |      336 |     17400 |            1.93 |
|   F7/F8 Muxes            |    <0.001 |      336 |     53200 |            0.63 |
|   LUT as Shift Register  |    <0.001 |      191 |     17400 |            1.10 |
|   Others                 |     0.000 |     1372 |       --- |             --- |
| Signals                  |     0.079 |    17932 |       --- |             --- |
| Block RAM                |     0.182 |      106 |       140 |           75.71 |
| DSPs                     |     0.012 |       14 |       220 |            6.36 |
| PS7                      |     1.487 |        1 |       --- |             --- |
| Static Power             |     0.162 |          |           |                 |
| Total                    |     2.029 |          |           |                 |
+--------------------------+-----------+----------+-----------+-----------------+


1.2 Power Supply Summary
------------------------

+-----------+-------------+-----------+-------------+------------+
| Source    | Voltage (V) | Total (A) | Dynamic (A) | Static (A) |
+-----------+-------------+-----------+-------------+------------+
| Vccint    |       1.000 |     0.386 |       0.364 |      0.021 |
| Vccaux    |       1.800 |     0.017 |       0.000 |      0.017 |
| Vcco33    |       3.300 |     0.000 |       0.000 |      0.000 |
| Vcco25    |       2.500 |     0.000 |       0.000 |      0.000 |
| Vcco18    |       1.800 |     0.000 |       0.000 |      0.000 |
| Vcco15    |       1.500 |     0.000 |       0.000 |      0.000 |
| Vcco135   |       1.350 |     0.000 |       0.000 |      0.000 |
| Vcco12    |       1.200 |     0.000 |       0.000 |      0.000 |
| Vccaux_io |       1.800 |     0.000 |       0.000 |      0.000 |
| Vccbram   |       1.000 |     0.024 |       0.016 |      0.009 |
| MGTAVcc   |       1.000 |     0.000 |       0.000 |      0.000 |
| MGTAVtt   |       1.200 |     0.000 |       0.000 |      0.000 |
| MGTVccaux |       1.800 |     0.000 |       0.000 |      0.000 |
| Vccpint   |       1.000 |     0.709 |       0.675 |      0.034 |
| Vccpaux   |       1.800 |     0.062 |       0.051 |      0.010 |
| Vccpll    |       1.800 |     0.017 |       0.014 |      0.003 |
| Vcco_ddr  |       1.500 |     0.459 |       0.457 |      0.002 |
| Vcco_mio0 |       3.300 |     0.003 |       0.002 |      0.001 |
| Vcco_mio1 |       1.800 |     0.003 |       0.002 |      0.001 |
| Vccadc    |       1.800 |     0.020 |       0.000 |      0.020 |
+-----------+-------------+-----------+-------------+------------+


1.3 Confidence Level
--------------------

+-----------------------------+------------+------------------------------------------------+------------------------------------------------------------------------------------------------------------+
| User Input Data             | Confidence | Details                                        | Action                                                                                                     |
+-----------------------------+------------+------------------------------------------------+------------------------------------------------------------------------------------------------------------+
| Design implementation state | High       | Design is routed                               |                                                                                                            |
| Clock nodes activity        | High       | User specified more than 95% of clocks         |                                                                                                            |
| I/O nodes activity          | High       | User specified more than 95% of inputs         |                                                                                                            |
| Internal nodes activity     | Medium     | User specified less than 25% of internal nodes | Provide missing internal nodes activity with simulation results or by editing the "By Resource Type" views |
| Device models               | High       | Device models are Production                   |                                                                                                            |
|                             |            |                                                |                                                                                                            |
| Overall confidence level    | Medium     |                                                |                                                                                                            |
+-----------------------------+------------+------------------------------------------------+------------------------------------------------------------------------------------------------------------+


2. Settings
-----------

2.1 Environment
---------------

+-----------------------+------------------------+
| Ambient Temp (C)      | 25.0                   |
| ThetaJA (C/W)         | 11.5                   |
| Airflow (LFM)         | 250                    |
| Heat Sink             | none                   |
| ThetaSA (C/W)         | 0.0                    |
| Board Selection       | medium (10"x10")       |
| # of Board Layers     | 8to11 (8 to 11 Layers) |
| Board Temperature (C) | 25.0                   |
+-----------------------+------------------------+


2.2 Clock Constraints
---------------------

+------------+-------------------------------------------------------------+-----------------+
| Clock      | Domain                                                      | Constraint (ns) |
+------------+-------------------------------------------------------------+-----------------+
| clk_fpga_0 | design_1_i/processing_system7_0/inst/FCLK_CLK_unbuffered[0] |             6.7 |
+------------+-------------------------------------------------------------+-----------------+


3. Detailed Reports
-------------------

3.1 By Hierarchy
----------------

+-------------------------------+-----------+
| Name                          | Power (W) |
+-------------------------------+-----------+
| design_1_wrapper              |     1.866 |
|   design_1_i                  |     1.866 |
|     axi_timer_0               |     0.004 |
|       U0                      |     0.004 |
|     neural_net                |     0.301 |
|       axi_bram_ctrl_0         |     0.004 |
|       axi_bram_ctrl_1         |     0.004 |
|       axi_bram_ctrl_2         |     0.005 |
|       axi_bram_ctrl_3         |     0.004 |
|       axi_bram_ctrl_4         |     0.003 |
|       blk_mem_gen_0           |     0.011 |
|       calcPerceptron_0        |     0.092 |
|       calcPerceptron_0_bram   |     0.027 |
|       calcPerceptron_0_bram_0 |     0.052 |
|       calcPerceptron_0_bram_1 |     0.085 |
|       calcPerceptron_0_bram_2 |     0.015 |
|     processing_system7_0      |     1.487 |
|       inst                    |     1.487 |
|     ps7_0_axi_periph          |     0.074 |
|       m00_couplers            |     0.010 |
|       m01_couplers            |     0.006 |
|       m02_couplers            |     0.007 |
|       m03_couplers            |     0.007 |
|       m04_couplers            |     0.007 |
|       m05_couplers            |     0.007 |
|       m06_couplers            |     0.012 |
|       s00_couplers            |     0.005 |
|       xbar                    |     0.014 |
+-------------------------------+-----------+


